<?xml version="1.0"?>
<!DOCTYPE coverage SYSTEM "http://cobertura.sourceforge.net/xml/coverage-04.dtd">

<coverage line-rate="0.24503311258278146" branch-rate="0.25555555555555554" lines-covered="407" lines-valid="1661" branches-covered="230" branches-valid="900" complexity="3.8333333333333335" version="2.0.3" timestamp="1640888740128">
	<sources>
		<source>D:/Workspace2/Java_Program/jw08-final-ye191220142/src/main/java</source>
		<source>--source</source>
		<source>D:/Workspace2/Java_Program/jw08-final-ye191220142/target/generated-sources/annotations</source>
	</sources>
	<packages>
		<package name="" line-rate="0.0" branch-rate="1.0" complexity="1.1666666666666667">
			<classes>
				<class name="ApplicationMain" filename="ApplicationMain.java" line-rate="0.0" branch-rate="1.0" complexity="1.1666666666666667">
					<methods>
						<method name="&lt;init&gt;" signature="()V" line-rate="0.0" branch-rate="1.0">
							<lines>
								<line number="41" hits="0" branch="false"/>
								<line number="42" hits="0" branch="false"/>
								<line number="43" hits="0" branch="false"/>
								<line number="44" hits="0" branch="false"/>
								<line number="45" hits="0" branch="false"/>
								<line number="46" hits="0" branch="false"/>
								<line number="47" hits="0" branch="false"/>
								<line number="48" hits="0" branch="false"/>
							</lines>
						</method>
						<method name="keyPressed" signature="(Ljava/awt/event/KeyEvent;)V" line-rate="0.0" branch-rate="1.0">
							<lines>
								<line number="63" hits="0" branch="false"/>
								<line number="64" hits="0" branch="false"/>
								<line number="66" hits="0" branch="false"/>
								<line number="69" hits="0" branch="false"/>
							</lines>
						</method>
						<method name="keyReleased" signature="(Ljava/awt/event/KeyEvent;)V" line-rate="0.0" branch-rate="1.0">
							<lines>
								<line number="76" hits="0" branch="false"/>
							</lines>
						</method>
						<method name="keyTyped" signature="(Ljava/awt/event/KeyEvent;)V" line-rate="0.0" branch-rate="1.0">
							<lines>
								<line number="83" hits="0" branch="false"/>
							</lines>
						</method>
						<method name="main" signature="([Ljava/lang/String;)V" line-rate="0.0" branch-rate="1.0">
							<lines>
								<line number="86" hits="0" branch="false"/>
								<line number="87" hits="0" branch="false"/>
								<line number="88" hits="0" branch="false"/>
								<line number="89" hits="0" branch="false"/>
								<line number="90" hits="0" branch="false"/>
							</lines>
						</method>
						<method name="repaint" signature="()V" line-rate="0.0" branch-rate="1.0">
							<lines>
								<line number="52" hits="0" branch="false"/>
								<line number="53" hits="0" branch="false"/>
								<line number="54" hits="0" branch="false"/>
								<line number="55" hits="0" branch="false"/>
							</lines>
						</method>
					</methods>
					<lines>
						<line number="41" hits="0" branch="false"/>
						<line number="42" hits="0" branch="false"/>
						<line number="43" hits="0" branch="false"/>
						<line number="44" hits="0" branch="false"/>
						<line number="45" hits="0" branch="false"/>
						<line number="46" hits="0" branch="false"/>
						<line number="47" hits="0" branch="false"/>
						<line number="48" hits="0" branch="false"/>
						<line number="52" hits="0" branch="false"/>
						<line number="53" hits="0" branch="false"/>
						<line number="54" hits="0" branch="false"/>
						<line number="55" hits="0" branch="false"/>
						<line number="63" hits="0" branch="false"/>
						<line number="64" hits="0" branch="false"/>
						<line number="66" hits="0" branch="false"/>
						<line number="69" hits="0" branch="false"/>
						<line number="76" hits="0" branch="false"/>
						<line number="83" hits="0" branch="false"/>
						<line number="86" hits="0" branch="false"/>
						<line number="87" hits="0" branch="false"/>
						<line number="88" hits="0" branch="false"/>
						<line number="89" hits="0" branch="false"/>
						<line number="90" hits="0" branch="false"/>
					</lines>
				</class>
			</classes>
		</package>
		<package name="asciiPanel" line-rate="0.04481792717086835" branch-rate="0.0" complexity="4.73469387755102">
			<classes>
				<class name="asciiPanel.AsciiCharacterData" filename="asciiPanel/AsciiCharacterData.java" line-rate="0.0" branch-rate="1.0" complexity="0.0">
					<methods>
						<method name="&lt;init&gt;" signature="()V" line-rate="0.0" branch-rate="1.0">
							<lines>
								<line number="5" hits="0" branch="false"/>
							</lines>
						</method>
					</methods>
					<lines>
						<line number="5" hits="0" branch="false"/>
					</lines>
				</class>
				<class name="asciiPanel.AsciiFont" filename="asciiPanel/AsciiFont.java" line-rate="0.0" branch-rate="1.0" complexity="1.0">
					<methods>
						<method name="&lt;clinit&gt;" signature="()V" line-rate="0.0" branch-rate="1.0">
							<lines>
								<line number="12" hits="0" branch="false"/>
								<line number="13" hits="0" branch="false"/>
								<line number="14" hits="0" branch="false"/>
								<line number="15" hits="0" branch="false"/>
								<line number="16" hits="0" branch="false"/>
								<line number="17" hits="0" branch="false"/>
								<line number="18" hits="0" branch="false"/>
								<line number="19" hits="0" branch="false"/>
								<line number="20" hits="0" branch="false"/>
								<line number="21" hits="0" branch="false"/>
							</lines>
						</method>
						<method name="&lt;init&gt;" signature="(Ljava/lang/String;II)V" line-rate="0.0" branch-rate="1.0">
							<lines>
								<line number="41" hits="0" branch="false"/>
								<line number="42" hits="0" branch="false"/>
								<line number="43" hits="0" branch="false"/>
								<line number="44" hits="0" branch="false"/>
								<line number="45" hits="0" branch="false"/>
							</lines>
						</method>
						<method name="getFontFilename" signature="()Ljava/lang/String;" line-rate="0.0" branch-rate="1.0">
							<lines>
								<line number="26" hits="0" branch="false"/>
							</lines>
						</method>
						<method name="getHeight" signature="()I" line-rate="0.0" branch-rate="1.0">
							<lines>
								<line number="38" hits="0" branch="false"/>
							</lines>
						</method>
						<method name="getWidth" signature="()I" line-rate="0.0" branch-rate="1.0">
							<lines>
								<line number="32" hits="0" branch="false"/>
							</lines>
						</method>
					</methods>
					<lines>
						<line number="12" hits="0" branch="false"/>
						<line number="13" hits="0" branch="false"/>
						<line number="14" hits="0" branch="false"/>
						<line number="15" hits="0" branch="false"/>
						<line number="16" hits="0" branch="false"/>
						<line number="17" hits="0" branch="false"/>
						<line number="18" hits="0" branch="false"/>
						<line number="19" hits="0" branch="false"/>
						<line number="20" hits="0" branch="false"/>
						<line number="21" hits="0" branch="false"/>
						<line number="26" hits="0" branch="false"/>
						<line number="32" hits="0" branch="false"/>
						<line number="38" hits="0" branch="false"/>
						<line number="41" hits="0" branch="false"/>
						<line number="42" hits="0" branch="false"/>
						<line number="43" hits="0" branch="false"/>
						<line number="44" hits="0" branch="false"/>
						<line number="45" hits="0" branch="false"/>
					</lines>
				</class>
				<class name="asciiPanel.AsciiPanel" filename="asciiPanel/AsciiPanel.java" line-rate="0.047337278106508875" branch-rate="0.0" complexity="5.159090909090909">
					<methods>
						<method name="&lt;clinit&gt;" signature="()V" line-rate="1.0" branch-rate="1.0">
							<lines>
								<line number="26" hits="9" branch="false"/>
								<line number="31" hits="9" branch="false"/>
								<line number="36" hits="9" branch="false"/>
								<line number="41" hits="9" branch="false"/>
								<line number="46" hits="9" branch="false"/>
								<line number="51" hits="9" branch="false"/>
								<line number="56" hits="9" branch="false"/>
								<line number="61" hits="9" branch="false"/>
								<line number="66" hits="9" branch="false"/>
								<line number="71" hits="9" branch="false"/>
								<line number="76" hits="9" branch="false"/>
								<line number="81" hits="9" branch="false"/>
								<line number="86" hits="9" branch="false"/>
								<line number="91" hits="9" branch="false"/>
								<line number="96" hits="9" branch="false"/>
								<line number="101" hits="9" branch="false"/>
							</lines>
						</method>
						<method name="&lt;init&gt;" signature="()V" line-rate="0.0" branch-rate="1.0">
							<lines>
								<line number="305" hits="0" branch="false"/>
								<line number="306" hits="0" branch="false"/>
							</lines>
						</method>
						<method name="&lt;init&gt;" signature="(II)V" line-rate="0.0" branch-rate="1.0">
							<lines>
								<line number="315" hits="0" branch="false"/>
								<line number="316" hits="0" branch="false"/>
							</lines>
						</method>
						<method name="&lt;init&gt;" signature="(IILasciiPanel/AsciiFont;)V" line-rate="0.0" branch-rate="0.0">
							<lines>
								<line number="107" hits="0" branch="false"/>
								<line number="108" hits="0" branch="false"/>
								<line number="109" hits="0" branch="false"/>
								<line number="327" hits="0" branch="false"/>
								<line number="329" hits="0" branch="true" condition-coverage="0% (0/2)">
									<conditions>
										<condition number="0" type="jump" coverage="0%"/>
									</conditions>
								</line>
								<line number="330" hits="0" branch="false"/>
								<line number="333" hits="0" branch="true" condition-coverage="0% (0/2)">
									<conditions>
										<condition number="0" type="jump" coverage="0%"/>
									</conditions>
								</line>
								<line number="334" hits="0" branch="false"/>
								<line number="337" hits="0" branch="false"/>
								<line number="338" hits="0" branch="false"/>
								<line number="340" hits="0" branch="false"/>
								<line number="341" hits="0" branch="false"/>
								<line number="343" hits="0" branch="false"/>
								<line number="344" hits="0" branch="false"/>
								<line number="345" hits="0" branch="false"/>
								<line number="347" hits="0" branch="false"/>
								<line number="348" hits="0" branch="false"/>
								<line number="350" hits="0" branch="true" condition-coverage="0% (0/2)">
									<conditions>
										<condition number="0" type="jump" coverage="0%"/>
									</conditions>
								</line>
								<line number="351" hits="0" branch="false"/>
								<line number="353" hits="0" branch="false"/>
								<line number="354" hits="0" branch="false"/>
							</lines>
						</method>
						<method name="clear" signature="()LasciiPanel/AsciiPanel;" line-rate="0.0" branch-rate="1.0">
							<lines>
								<line number="454" hits="0" branch="false"/>
							</lines>
						</method>
						<method name="clear" signature="(C)LasciiPanel/AsciiPanel;" line-rate="0.0" branch-rate="0.0">
							<lines>
								<line number="465" hits="0" branch="true" condition-coverage="0% (0/4)">
									<conditions>
										<condition number="0" type="jump" coverage="0%"/>
										<condition number="1" type="jump" coverage="0%"/>
									</conditions>
								</line>
								<line number="466" hits="0" branch="false"/>
								<line number="467" hits="0" branch="false"/>
								<line number="469" hits="0" branch="false"/>
								<line number="470" hits="0" branch="false"/>
							</lines>
						</method>
						<method name="clear" signature="(CIIII)LasciiPanel/AsciiPanel;" line-rate="0.0" branch-rate="0.0">
							<lines>
								<line number="503" hits="0" branch="true" condition-coverage="0% (0/4)">
									<conditions>
										<condition number="0" type="jump" coverage="0%"/>
										<condition number="1" type="jump" coverage="0%"/>
									</conditions>
								</line>
								<line number="504" hits="0" branch="false"/>
								<line number="505" hits="0" branch="false"/>
								<line number="507" hits="0" branch="true" condition-coverage="0% (0/4)">
									<conditions>
										<condition number="0" type="jump" coverage="0%"/>
										<condition number="1" type="jump" coverage="0%"/>
									</conditions>
								</line>
								<line number="508" hits="0" branch="false"/>
								<line number="510" hits="0" branch="true" condition-coverage="0% (0/4)">
									<conditions>
										<condition number="0" type="jump" coverage="0%"/>
										<condition number="1" type="jump" coverage="0%"/>
									</conditions>
								</line>
								<line number="511" hits="0" branch="false"/>
								<line number="513" hits="0" branch="true" condition-coverage="0% (0/2)">
									<conditions>
										<condition number="0" type="jump" coverage="0%"/>
									</conditions>
								</line>
								<line number="514" hits="0" branch="false"/>
								<line number="516" hits="0" branch="true" condition-coverage="0% (0/2)">
									<conditions>
										<condition number="0" type="jump" coverage="0%"/>
									</conditions>
								</line>
								<line number="517" hits="0" branch="false"/>
								<line number="519" hits="0" branch="true" condition-coverage="0% (0/2)">
									<conditions>
										<condition number="0" type="jump" coverage="0%"/>
									</conditions>
								</line>
								<line number="520" hits="0" branch="false"/>
								<line number="521" hits="0" branch="false"/>
								<line number="523" hits="0" branch="true" condition-coverage="0% (0/2)">
									<conditions>
										<condition number="0" type="jump" coverage="0%"/>
									</conditions>
								</line>
								<line number="524" hits="0" branch="false"/>
								<line number="525" hits="0" branch="false"/>
								<line number="527" hits="0" branch="false"/>
							</lines>
						</method>
						<method name="clear" signature="(CIIIILjava/awt/Color;Ljava/awt/Color;)LasciiPanel/AsciiPanel;" line-rate="0.0" branch-rate="0.0">
							<lines>
								<line number="544" hits="0" branch="true" condition-coverage="0% (0/4)">
									<conditions>
										<condition number="0" type="jump" coverage="0%"/>
										<condition number="1" type="jump" coverage="0%"/>
									</conditions>
								</line>
								<line number="545" hits="0" branch="false"/>
								<line number="546" hits="0" branch="false"/>
								<line number="548" hits="0" branch="true" condition-coverage="0% (0/4)">
									<conditions>
										<condition number="0" type="jump" coverage="0%"/>
										<condition number="1" type="jump" coverage="0%"/>
									</conditions>
								</line>
								<line number="549" hits="0" branch="false"/>
								<line number="551" hits="0" branch="true" condition-coverage="0% (0/4)">
									<conditions>
										<condition number="0" type="jump" coverage="0%"/>
										<condition number="1" type="jump" coverage="0%"/>
									</conditions>
								</line>
								<line number="552" hits="0" branch="false"/>
								<line number="554" hits="0" branch="true" condition-coverage="0% (0/2)">
									<conditions>
										<condition number="0" type="jump" coverage="0%"/>
									</conditions>
								</line>
								<line number="555" hits="0" branch="false"/>
								<line number="557" hits="0" branch="true" condition-coverage="0% (0/2)">
									<conditions>
										<condition number="0" type="jump" coverage="0%"/>
									</conditions>
								</line>
								<line number="558" hits="0" branch="false"/>
								<line number="560" hits="0" branch="true" condition-coverage="0% (0/2)">
									<conditions>
										<condition number="0" type="jump" coverage="0%"/>
									</conditions>
								</line>
								<line number="561" hits="0" branch="false"/>
								<line number="562" hits="0" branch="false"/>
								<line number="564" hits="0" branch="true" condition-coverage="0% (0/2)">
									<conditions>
										<condition number="0" type="jump" coverage="0%"/>
									</conditions>
								</line>
								<line number="565" hits="0" branch="false"/>
								<line number="566" hits="0" branch="false"/>
								<line number="568" hits="0" branch="false"/>
								<line number="569" hits="0" branch="false"/>
								<line number="570" hits="0" branch="true" condition-coverage="0% (0/2)">
									<conditions>
										<condition number="0" type="jump" coverage="0%"/>
									</conditions>
								</line>
								<line number="571" hits="0" branch="true" condition-coverage="0% (0/2)">
									<conditions>
										<condition number="0" type="jump" coverage="0%"/>
									</conditions>
								</line>
								<line number="572" hits="0" branch="false"/>
								<line number="575" hits="0" branch="false"/>
								<line number="576" hits="0" branch="false"/>
								<line number="578" hits="0" branch="false"/>
							</lines>
						</method>
						<method name="clear" signature="(CLjava/awt/Color;Ljava/awt/Color;)LasciiPanel/AsciiPanel;" line-rate="0.0" branch-rate="0.0">
							<lines>
								<line number="483" hits="0" branch="true" condition-coverage="0% (0/4)">
									<conditions>
										<condition number="0" type="jump" coverage="0%"/>
										<condition number="1" type="jump" coverage="0%"/>
									</conditions>
								</line>
								<line number="484" hits="0" branch="false"/>
								<line number="485" hits="0" branch="false"/>
								<line number="487" hits="0" branch="false"/>
							</lines>
						</method>
						<method name="getAsciiFont" signature="()LasciiPanel/AsciiFont;" line-rate="0.0" branch-rate="1.0">
							<lines>
								<line number="268" hits="0" branch="false"/>
							</lines>
						</method>
						<method name="getCharHeight" signature="()I" line-rate="0.0" branch-rate="1.0">
							<lines>
								<line number="130" hits="0" branch="false"/>
							</lines>
						</method>
						<method name="getCharWidth" signature="()I" line-rate="0.0" branch-rate="1.0">
							<lines>
								<line number="139" hits="0" branch="false"/>
							</lines>
						</method>
						<method name="getCursorX" signature="()I" line-rate="0.0" branch-rate="1.0">
							<lines>
								<line number="166" hits="0" branch="false"/>
							</lines>
						</method>
						<method name="getCursorY" signature="()I" line-rate="0.0" branch-rate="1.0">
							<lines>
								<line number="189" hits="0" branch="false"/>
							</lines>
						</method>
						<method name="getDefaultBackgroundColor" signature="()Ljava/awt/Color;" line-rate="0.0" branch-rate="1.0">
							<lines>
								<line number="226" hits="0" branch="false"/>
							</lines>
						</method>
						<method name="getDefaultForegroundColor" signature="()Ljava/awt/Color;" line-rate="0.0" branch-rate="1.0">
							<lines>
								<line number="247" hits="0" branch="false"/>
							</lines>
						</method>
						<method name="getHeightInCharacters" signature="()I" line-rate="0.0" branch-rate="1.0">
							<lines>
								<line number="148" hits="0" branch="false"/>
							</lines>
						</method>
						<method name="getWidthInCharacters" signature="()I" line-rate="0.0" branch-rate="1.0">
							<lines>
								<line number="157" hits="0" branch="false"/>
							</lines>
						</method>
						<method name="loadGlyphs" signature="()V" line-rate="0.0" branch-rate="0.0">
							<lines>
								<line number="391" hits="0" branch="false"/>
								<line number="392" hits="0" branch="false"/>
								<line number="393" hits="0" branch="false"/>
								<line number="396" hits="0" branch="true" condition-coverage="0% (0/2)">
									<conditions>
										<condition number="0" type="jump" coverage="0%"/>
									</conditions>
								</line>
								<line number="397" hits="0" branch="false"/>
								<line number="398" hits="0" branch="false"/>
								<line number="400" hits="0" branch="false"/>
								<line number="401" hits="0" branch="false"/>
								<line number="402" hits="0" branch="false"/>
								<line number="404" hits="0" branch="false"/>
							</lines>
						</method>
						<method name="paint" signature="(Ljava/awt/Graphics;)V" line-rate="0.0" branch-rate="0.0">
							<lines>
								<line number="363" hits="0" branch="true" condition-coverage="0% (0/2)">
									<conditions>
										<condition number="0" type="jump" coverage="0%"/>
									</conditions>
								</line>
								<line number="364" hits="0" branch="false"/>
								<line number="366" hits="0" branch="true" condition-coverage="0% (0/2)">
									<conditions>
										<condition number="0" type="jump" coverage="0%"/>
									</conditions>
								</line>
								<line number="367" hits="0" branch="true" condition-coverage="0% (0/2)">
									<conditions>
										<condition number="0" type="jump" coverage="0%"/>
									</conditions>
								</line>
								<line number="368" hits="0" branch="true" condition-coverage="0% (0/2)">
									<conditions>
										<condition number="0" type="jump" coverage="0%"/>
									</conditions>
								</line>
								<line number="369" hits="0" branch="true" condition-coverage="0% (0/4)">
									<conditions>
										<condition number="0" type="jump" coverage="0%"/>
										<condition number="1" type="jump" coverage="0%"/>
									</conditions>
								</line>
								<line number="370" hits="0" branch="false"/>
								<line number="377" hits="0" branch="false"/>
								<line number="378" hits="0" branch="false"/>
								<line number="380" hits="0" branch="false"/>
								<line number="381" hits="0" branch="false"/>
								<line number="382" hits="0" branch="false"/>
								<line number="386" hits="0" branch="false"/>
								<line number="387" hits="0" branch="false"/>
							</lines>
						</method>
						<method name="setAsciiFont" signature="(LasciiPanel/AsciiFont;)V" line-rate="0.0" branch-rate="0.0">
							<lines>
								<line number="279" hits="0" branch="true" condition-coverage="0% (0/2)">
									<conditions>
										<condition number="0" type="jump" coverage="0%"/>
									</conditions>
								</line>
								<line number="280" hits="0" branch="false"/>
								<line number="282" hits="0" branch="false"/>
								<line number="284" hits="0" branch="false"/>
								<line number="285" hits="0" branch="false"/>
								<line number="286" hits="0" branch="false"/>
								<line number="288" hits="0" branch="false"/>
								<line number="289" hits="0" branch="false"/>
								<line number="291" hits="0" branch="false"/>
								<line number="293" hits="0" branch="false"/>
								<line number="294" hits="0" branch="false"/>
								<line number="296" hits="0" branch="false"/>
								<line number="298" hits="0" branch="false"/>
								<line number="299" hits="0" branch="false"/>
							</lines>
						</method>
						<method name="setColors" signature="(Ljava/awt/Color;Ljava/awt/Color;)Ljava/awt/image/LookupOp;" line-rate="0.0" branch-rate="0.0">
							<lines>
								<line number="415" hits="0" branch="false"/>
								<line number="416" hits="0" branch="false"/>
								<line number="417" hits="0" branch="false"/>
								<line number="418" hits="0" branch="false"/>
								<line number="420" hits="0" branch="false"/>
								<line number="421" hits="0" branch="false"/>
								<line number="422" hits="0" branch="false"/>
								<line number="423" hits="0" branch="false"/>
								<line number="425" hits="0" branch="false"/>
								<line number="426" hits="0" branch="false"/>
								<line number="427" hits="0" branch="false"/>
								<line number="428" hits="0" branch="false"/>
								<line number="430" hits="0" branch="true" condition-coverage="0% (0/2)">
									<conditions>
										<condition number="0" type="jump" coverage="0%"/>
									</conditions>
								</line>
								<line number="431" hits="0" branch="true" condition-coverage="0% (0/2)">
									<conditions>
										<condition number="0" type="jump" coverage="0%"/>
									</conditions>
								</line>
								<line number="432" hits="0" branch="false"/>
								<line number="433" hits="0" branch="false"/>
								<line number="434" hits="0" branch="false"/>
								<line number="435" hits="0" branch="false"/>
								<line number="436" hits="0" branch="false"/>
								<line number="437" hits="0" branch="false"/>
								<line number="438" hits="0" branch="false"/>
								<line number="439" hits="0" branch="false"/>
								<line number="440" hits="0" branch="false"/>
								<line number="444" hits="0" branch="false"/>
								<line number="445" hits="0" branch="false"/>
							</lines>
						</method>
						<method name="setCursorPosition" signature="(II)V" line-rate="0.0" branch-rate="1.0">
							<lines>
								<line number="216" hits="0" branch="false"/>
								<line number="217" hits="0" branch="false"/>
								<line number="218" hits="0" branch="false"/>
							</lines>
						</method>
						<method name="setCursorX" signature="(I)V" line-rate="0.0" branch-rate="0.0">
							<lines>
								<line number="176" hits="0" branch="true" condition-coverage="0% (0/4)">
									<conditions>
										<condition number="0" type="jump" coverage="0%"/>
										<condition number="1" type="jump" coverage="0%"/>
									</conditions>
								</line>
								<line number="177" hits="0" branch="false"/>
								<line number="178" hits="0" branch="false"/>
								<line number="180" hits="0" branch="false"/>
								<line number="181" hits="0" branch="false"/>
							</lines>
						</method>
						<method name="setCursorY" signature="(I)V" line-rate="0.0" branch-rate="0.0">
							<lines>
								<line number="199" hits="0" branch="true" condition-coverage="0% (0/4)">
									<conditions>
										<condition number="0" type="jump" coverage="0%"/>
										<condition number="1" type="jump" coverage="0%"/>
									</conditions>
								</line>
								<line number="200" hits="0" branch="false"/>
								<line number="201" hits="0" branch="false"/>
								<line number="203" hits="0" branch="false"/>
								<line number="204" hits="0" branch="false"/>
							</lines>
						</method>
						<method name="setDefaultBackgroundColor" signature="(Ljava/awt/Color;)V" line-rate="0.0" branch-rate="0.0">
							<lines>
								<line number="235" hits="0" branch="true" condition-coverage="0% (0/2)">
									<conditions>
										<condition number="0" type="jump" coverage="0%"/>
									</conditions>
								</line>
								<line number="236" hits="0" branch="false"/>
								<line number="238" hits="0" branch="false"/>
								<line number="239" hits="0" branch="false"/>
							</lines>
						</method>
						<method name="setDefaultForegroundColor" signature="(Ljava/awt/Color;)V" line-rate="0.0" branch-rate="0.0">
							<lines>
								<line number="256" hits="0" branch="true" condition-coverage="0% (0/2)">
									<conditions>
										<condition number="0" type="jump" coverage="0%"/>
									</conditions>
								</line>
								<line number="257" hits="0" branch="false"/>
								<line number="259" hits="0" branch="false"/>
								<line number="260" hits="0" branch="false"/>
							</lines>
						</method>
						<method name="update" signature="(Ljava/awt/Graphics;)V" line-rate="0.0" branch-rate="1.0">
							<lines>
								<line number="358" hits="0" branch="false"/>
								<line number="359" hits="0" branch="false"/>
							</lines>
						</method>
						<method name="withEachTile" signature="(IIIILasciiPanel/TileTransformer;)V" line-rate="0.0" branch-rate="0.0">
							<lines>
								<line number="953" hits="0" branch="false"/>
								<line number="955" hits="0" branch="true" condition-coverage="0% (0/2)">
									<conditions>
										<condition number="0" type="jump" coverage="0%"/>
									</conditions>
								</line>
								<line number="956" hits="0" branch="true" condition-coverage="0% (0/2)">
									<conditions>
										<condition number="0" type="jump" coverage="0%"/>
									</conditions>
								</line>
								<line number="957" hits="0" branch="false"/>
								<line number="958" hits="0" branch="false"/>
								<line number="960" hits="0" branch="true" condition-coverage="0% (0/8)">
									<conditions>
										<condition number="0" type="jump" coverage="0%"/>
										<condition number="1" type="jump" coverage="0%"/>
										<condition number="2" type="jump" coverage="0%"/>
										<condition number="3" type="jump" coverage="0%"/>
									</conditions>
								</line>
								<line number="961" hits="0" branch="false"/>
								<line number="963" hits="0" branch="false"/>
								<line number="964" hits="0" branch="false"/>
								<line number="965" hits="0" branch="false"/>
								<line number="967" hits="0" branch="false"/>
								<line number="969" hits="0" branch="false"/>
								<line number="970" hits="0" branch="false"/>
								<line number="971" hits="0" branch="false"/>
								<line number="973" hits="0" branch="false"/>
							</lines>
						</method>
						<method name="withEachTile" signature="(LasciiPanel/TileTransformer;)V" line-rate="0.0" branch-rate="1.0">
							<lines>
								<line number="949" hits="0" branch="false"/>
								<line number="950" hits="0" branch="false"/>
							</lines>
						</method>
						<method name="write" signature="(C)LasciiPanel/AsciiPanel;" line-rate="0.0" branch-rate="0.0">
							<lines>
								<line number="589" hits="0" branch="true" condition-coverage="0% (0/4)">
									<conditions>
										<condition number="0" type="jump" coverage="0%"/>
										<condition number="1" type="jump" coverage="0%"/>
									</conditions>
								</line>
								<line number="590" hits="0" branch="false"/>
								<line number="591" hits="0" branch="false"/>
								<line number="593" hits="0" branch="false"/>
							</lines>
						</method>
						<method name="write" signature="(CII)LasciiPanel/AsciiPanel;" line-rate="0.0" branch-rate="0.0">
							<lines>
								<line number="641" hits="0" branch="true" condition-coverage="0% (0/4)">
									<conditions>
										<condition number="0" type="jump" coverage="0%"/>
										<condition number="1" type="jump" coverage="0%"/>
									</conditions>
								</line>
								<line number="642" hits="0" branch="false"/>
								<line number="643" hits="0" branch="false"/>
								<line number="645" hits="0" branch="true" condition-coverage="0% (0/4)">
									<conditions>
										<condition number="0" type="jump" coverage="0%"/>
										<condition number="1" type="jump" coverage="0%"/>
									</conditions>
								</line>
								<line number="646" hits="0" branch="false"/>
								<line number="648" hits="0" branch="true" condition-coverage="0% (0/4)">
									<conditions>
										<condition number="0" type="jump" coverage="0%"/>
										<condition number="1" type="jump" coverage="0%"/>
									</conditions>
								</line>
								<line number="649" hits="0" branch="false"/>
								<line number="651" hits="0" branch="false"/>
							</lines>
						</method>
						<method name="write" signature="(CIILjava/awt/Color;)LasciiPanel/AsciiPanel;" line-rate="0.0" branch-rate="0.0">
							<lines>
								<line number="666" hits="0" branch="true" condition-coverage="0% (0/4)">
									<conditions>
										<condition number="0" type="jump" coverage="0%"/>
										<condition number="1" type="jump" coverage="0%"/>
									</conditions>
								</line>
								<line number="667" hits="0" branch="false"/>
								<line number="668" hits="0" branch="false"/>
								<line number="670" hits="0" branch="true" condition-coverage="0% (0/4)">
									<conditions>
										<condition number="0" type="jump" coverage="0%"/>
										<condition number="1" type="jump" coverage="0%"/>
									</conditions>
								</line>
								<line number="671" hits="0" branch="false"/>
								<line number="673" hits="0" branch="true" condition-coverage="0% (0/4)">
									<conditions>
										<condition number="0" type="jump" coverage="0%"/>
										<condition number="1" type="jump" coverage="0%"/>
									</conditions>
								</line>
								<line number="674" hits="0" branch="false"/>
								<line number="676" hits="0" branch="false"/>
							</lines>
						</method>
						<method name="write" signature="(CIILjava/awt/Color;Ljava/awt/Color;)LasciiPanel/AsciiPanel;" line-rate="0.0" branch-rate="0.0">
							<lines>
								<line number="692" hits="0" branch="true" condition-coverage="0% (0/4)">
									<conditions>
										<condition number="0" type="jump" coverage="0%"/>
										<condition number="1" type="jump" coverage="0%"/>
									</conditions>
								</line>
								<line number="693" hits="0" branch="false"/>
								<line number="694" hits="0" branch="false"/>
								<line number="696" hits="0" branch="true" condition-coverage="0% (0/4)">
									<conditions>
										<condition number="0" type="jump" coverage="0%"/>
										<condition number="1" type="jump" coverage="0%"/>
									</conditions>
								</line>
								<line number="697" hits="0" branch="false"/>
								<line number="699" hits="0" branch="true" condition-coverage="0% (0/4)">
									<conditions>
										<condition number="0" type="jump" coverage="0%"/>
										<condition number="1" type="jump" coverage="0%"/>
									</conditions>
								</line>
								<line number="700" hits="0" branch="false"/>
								<line number="702" hits="0" branch="true" condition-coverage="0% (0/2)">
									<conditions>
										<condition number="0" type="jump" coverage="0%"/>
									</conditions>
								</line>
								<line number="703" hits="0" branch="false"/>
								<line number="704" hits="0" branch="true" condition-coverage="0% (0/2)">
									<conditions>
										<condition number="0" type="jump" coverage="0%"/>
									</conditions>
								</line>
								<line number="705" hits="0" branch="false"/>
								<line number="707" hits="0" branch="false"/>
								<line number="708" hits="0" branch="false"/>
								<line number="709" hits="0" branch="false"/>
								<line number="710" hits="0" branch="false"/>
								<line number="711" hits="0" branch="false"/>
								<line number="712" hits="0" branch="false"/>
							</lines>
						</method>
						<method name="write" signature="(CLjava/awt/Color;)LasciiPanel/AsciiPanel;" line-rate="0.0" branch-rate="0.0">
							<lines>
								<line number="606" hits="0" branch="true" condition-coverage="0% (0/4)">
									<conditions>
										<condition number="0" type="jump" coverage="0%"/>
										<condition number="1" type="jump" coverage="0%"/>
									</conditions>
								</line>
								<line number="607" hits="0" branch="false"/>
								<line number="608" hits="0" branch="false"/>
								<line number="610" hits="0" branch="false"/>
							</lines>
						</method>
						<method name="write" signature="(CLjava/awt/Color;Ljava/awt/Color;)LasciiPanel/AsciiPanel;" line-rate="0.0" branch-rate="0.0">
							<lines>
								<line number="624" hits="0" branch="true" condition-coverage="0% (0/4)">
									<conditions>
										<condition number="0" type="jump" coverage="0%"/>
										<condition number="1" type="jump" coverage="0%"/>
									</conditions>
								</line>
								<line number="625" hits="0" branch="false"/>
								<line number="626" hits="0" branch="false"/>
								<line number="628" hits="0" branch="false"/>
							</lines>
						</method>
						<method name="write" signature="(Ljava/lang/String;)LasciiPanel/AsciiPanel;" line-rate="0.0" branch-rate="0.0">
							<lines>
								<line number="722" hits="0" branch="true" condition-coverage="0% (0/2)">
									<conditions>
										<condition number="0" type="jump" coverage="0%"/>
									</conditions>
								</line>
								<line number="723" hits="0" branch="false"/>
								<line number="725" hits="0" branch="true" condition-coverage="0% (0/2)">
									<conditions>
										<condition number="0" type="jump" coverage="0%"/>
									</conditions>
								</line>
								<line number="726" hits="0" branch="false"/>
								<line number="727" hits="0" branch="false"/>
								<line number="729" hits="0" branch="false"/>
							</lines>
						</method>
						<method name="write" signature="(Ljava/lang/String;II)LasciiPanel/AsciiPanel;" line-rate="0.0" branch-rate="0.0">
							<lines>
								<line number="781" hits="0" branch="true" condition-coverage="0% (0/2)">
									<conditions>
										<condition number="0" type="jump" coverage="0%"/>
									</conditions>
								</line>
								<line number="782" hits="0" branch="false"/>
								<line number="784" hits="0" branch="true" condition-coverage="0% (0/2)">
									<conditions>
										<condition number="0" type="jump" coverage="0%"/>
									</conditions>
								</line>
								<line number="785" hits="0" branch="false"/>
								<line number="786" hits="0" branch="false"/>
								<line number="788" hits="0" branch="true" condition-coverage="0% (0/4)">
									<conditions>
										<condition number="0" type="jump" coverage="0%"/>
										<condition number="1" type="jump" coverage="0%"/>
									</conditions>
								</line>
								<line number="789" hits="0" branch="false"/>
								<line number="791" hits="0" branch="true" condition-coverage="0% (0/4)">
									<conditions>
										<condition number="0" type="jump" coverage="0%"/>
										<condition number="1" type="jump" coverage="0%"/>
									</conditions>
								</line>
								<line number="792" hits="0" branch="false"/>
								<line number="794" hits="0" branch="false"/>
							</lines>
						</method>
						<method name="write" signature="(Ljava/lang/String;IILjava/awt/Color;)LasciiPanel/AsciiPanel;" line-rate="0.0" branch-rate="0.0">
							<lines>
								<line number="808" hits="0" branch="true" condition-coverage="0% (0/2)">
									<conditions>
										<condition number="0" type="jump" coverage="0%"/>
									</conditions>
								</line>
								<line number="809" hits="0" branch="false"/>
								<line number="811" hits="0" branch="true" condition-coverage="0% (0/2)">
									<conditions>
										<condition number="0" type="jump" coverage="0%"/>
									</conditions>
								</line>
								<line number="812" hits="0" branch="false"/>
								<line number="813" hits="0" branch="false"/>
								<line number="815" hits="0" branch="true" condition-coverage="0% (0/4)">
									<conditions>
										<condition number="0" type="jump" coverage="0%"/>
										<condition number="1" type="jump" coverage="0%"/>
									</conditions>
								</line>
								<line number="816" hits="0" branch="false"/>
								<line number="818" hits="0" branch="true" condition-coverage="0% (0/4)">
									<conditions>
										<condition number="0" type="jump" coverage="0%"/>
										<condition number="1" type="jump" coverage="0%"/>
									</conditions>
								</line>
								<line number="819" hits="0" branch="false"/>
								<line number="821" hits="0" branch="false"/>
							</lines>
						</method>
						<method name="write" signature="(Ljava/lang/String;IILjava/awt/Color;Ljava/awt/Color;)LasciiPanel/AsciiPanel;" line-rate="0.0" branch-rate="0.0">
							<lines>
								<line number="837" hits="0" branch="true" condition-coverage="0% (0/2)">
									<conditions>
										<condition number="0" type="jump" coverage="0%"/>
									</conditions>
								</line>
								<line number="838" hits="0" branch="false"/>
								<line number="840" hits="0" branch="true" condition-coverage="0% (0/2)">
									<conditions>
										<condition number="0" type="jump" coverage="0%"/>
									</conditions>
								</line>
								<line number="841" hits="0" branch="false"/>
								<line number="842" hits="0" branch="false"/>
								<line number="844" hits="0" branch="true" condition-coverage="0% (0/4)">
									<conditions>
										<condition number="0" type="jump" coverage="0%"/>
										<condition number="1" type="jump" coverage="0%"/>
									</conditions>
								</line>
								<line number="845" hits="0" branch="false"/>
								<line number="847" hits="0" branch="true" condition-coverage="0% (0/4)">
									<conditions>
										<condition number="0" type="jump" coverage="0%"/>
										<condition number="1" type="jump" coverage="0%"/>
									</conditions>
								</line>
								<line number="848" hits="0" branch="false"/>
								<line number="850" hits="0" branch="true" condition-coverage="0% (0/2)">
									<conditions>
										<condition number="0" type="jump" coverage="0%"/>
									</conditions>
								</line>
								<line number="851" hits="0" branch="false"/>
								<line number="853" hits="0" branch="true" condition-coverage="0% (0/2)">
									<conditions>
										<condition number="0" type="jump" coverage="0%"/>
									</conditions>
								</line>
								<line number="854" hits="0" branch="false"/>
								<line number="856" hits="0" branch="true" condition-coverage="0% (0/2)">
									<conditions>
										<condition number="0" type="jump" coverage="0%"/>
									</conditions>
								</line>
								<line number="857" hits="0" branch="false"/>
								<line number="859" hits="0" branch="false"/>
							</lines>
						</method>
						<method name="write" signature="(Ljava/lang/String;Ljava/awt/Color;)LasciiPanel/AsciiPanel;" line-rate="0.0" branch-rate="0.0">
							<lines>
								<line number="741" hits="0" branch="true" condition-coverage="0% (0/2)">
									<conditions>
										<condition number="0" type="jump" coverage="0%"/>
									</conditions>
								</line>
								<line number="742" hits="0" branch="false"/>
								<line number="744" hits="0" branch="true" condition-coverage="0% (0/2)">
									<conditions>
										<condition number="0" type="jump" coverage="0%"/>
									</conditions>
								</line>
								<line number="745" hits="0" branch="false"/>
								<line number="746" hits="0" branch="false"/>
								<line number="748" hits="0" branch="false"/>
							</lines>
						</method>
						<method name="write" signature="(Ljava/lang/String;Ljava/awt/Color;Ljava/awt/Color;)LasciiPanel/AsciiPanel;" line-rate="0.0" branch-rate="0.0">
							<lines>
								<line number="762" hits="0" branch="true" condition-coverage="0% (0/2)">
									<conditions>
										<condition number="0" type="jump" coverage="0%"/>
									</conditions>
								</line>
								<line number="763" hits="0" branch="false"/>
								<line number="765" hits="0" branch="true" condition-coverage="0% (0/2)">
									<conditions>
										<condition number="0" type="jump" coverage="0%"/>
									</conditions>
								</line>
								<line number="766" hits="0" branch="false"/>
								<line number="767" hits="0" branch="false"/>
								<line number="769" hits="0" branch="false"/>
							</lines>
						</method>
						<method name="writeCenter" signature="(Ljava/lang/String;I)LasciiPanel/AsciiPanel;" line-rate="0.0" branch-rate="0.0">
							<lines>
								<line number="871" hits="0" branch="true" condition-coverage="0% (0/2)">
									<conditions>
										<condition number="0" type="jump" coverage="0%"/>
									</conditions>
								</line>
								<line number="872" hits="0" branch="false"/>
								<line number="874" hits="0" branch="true" condition-coverage="0% (0/2)">
									<conditions>
										<condition number="0" type="jump" coverage="0%"/>
									</conditions>
								</line>
								<line number="875" hits="0" branch="false"/>
								<line number="876" hits="0" branch="false"/>
								<line number="878" hits="0" branch="false"/>
								<line number="880" hits="0" branch="true" condition-coverage="0% (0/4)">
									<conditions>
										<condition number="0" type="jump" coverage="0%"/>
										<condition number="1" type="jump" coverage="0%"/>
									</conditions>
								</line>
								<line number="881" hits="0" branch="false"/>
								<line number="883" hits="0" branch="false"/>
							</lines>
						</method>
						<method name="writeCenter" signature="(Ljava/lang/String;ILjava/awt/Color;)LasciiPanel/AsciiPanel;" line-rate="0.0" branch-rate="0.0">
							<lines>
								<line number="897" hits="0" branch="true" condition-coverage="0% (0/2)">
									<conditions>
										<condition number="0" type="jump" coverage="0%"/>
									</conditions>
								</line>
								<line number="898" hits="0" branch="false"/>
								<line number="900" hits="0" branch="true" condition-coverage="0% (0/2)">
									<conditions>
										<condition number="0" type="jump" coverage="0%"/>
									</conditions>
								</line>
								<line number="901" hits="0" branch="false"/>
								<line number="902" hits="0" branch="false"/>
								<line number="904" hits="0" branch="false"/>
								<line number="906" hits="0" branch="true" condition-coverage="0% (0/4)">
									<conditions>
										<condition number="0" type="jump" coverage="0%"/>
										<condition number="1" type="jump" coverage="0%"/>
									</conditions>
								</line>
								<line number="907" hits="0" branch="false"/>
								<line number="909" hits="0" branch="false"/>
							</lines>
						</method>
						<method name="writeCenter" signature="(Ljava/lang/String;ILjava/awt/Color;Ljava/awt/Color;)LasciiPanel/AsciiPanel;" line-rate="0.0" branch-rate="0.0">
							<lines>
								<line number="924" hits="0" branch="true" condition-coverage="0% (0/2)">
									<conditions>
										<condition number="0" type="jump" coverage="0%"/>
									</conditions>
								</line>
								<line number="925" hits="0" branch="false"/>
								<line number="927" hits="0" branch="true" condition-coverage="0% (0/2)">
									<conditions>
										<condition number="0" type="jump" coverage="0%"/>
									</conditions>
								</line>
								<line number="928" hits="0" branch="false"/>
								<line number="929" hits="0" branch="false"/>
								<line number="931" hits="0" branch="false"/>
								<line number="933" hits="0" branch="true" condition-coverage="0% (0/4)">
									<conditions>
										<condition number="0" type="jump" coverage="0%"/>
										<condition number="1" type="jump" coverage="0%"/>
									</conditions>
								</line>
								<line number="934" hits="0" branch="false"/>
								<line number="936" hits="0" branch="true" condition-coverage="0% (0/2)">
									<conditions>
										<condition number="0" type="jump" coverage="0%"/>
									</conditions>
								</line>
								<line number="937" hits="0" branch="false"/>
								<line number="939" hits="0" branch="true" condition-coverage="0% (0/2)">
									<conditions>
										<condition number="0" type="jump" coverage="0%"/>
									</conditions>
								</line>
								<line number="940" hits="0" branch="false"/>
								<line number="942" hits="0" branch="true" condition-coverage="0% (0/2)">
									<conditions>
										<condition number="0" type="jump" coverage="0%"/>
									</conditions>
								</line>
								<line number="943" hits="0" branch="false"/>
								<line number="945" hits="0" branch="false"/>
							</lines>
						</method>
					</methods>
					<lines>
						<line number="26" hits="9" branch="false"/>
						<line number="31" hits="9" branch="false"/>
						<line number="36" hits="9" branch="false"/>
						<line number="41" hits="9" branch="false"/>
						<line number="46" hits="9" branch="false"/>
						<line number="51" hits="9" branch="false"/>
						<line number="56" hits="9" branch="false"/>
						<line number="61" hits="9" branch="false"/>
						<line number="66" hits="9" branch="false"/>
						<line number="71" hits="9" branch="false"/>
						<line number="76" hits="9" branch="false"/>
						<line number="81" hits="9" branch="false"/>
						<line number="86" hits="9" branch="false"/>
						<line number="91" hits="9" branch="false"/>
						<line number="96" hits="9" branch="false"/>
						<line number="101" hits="9" branch="false"/>
						<line number="107" hits="0" branch="false"/>
						<line number="108" hits="0" branch="false"/>
						<line number="109" hits="0" branch="false"/>
						<line number="130" hits="0" branch="false"/>
						<line number="139" hits="0" branch="false"/>
						<line number="148" hits="0" branch="false"/>
						<line number="157" hits="0" branch="false"/>
						<line number="166" hits="0" branch="false"/>
						<line number="176" hits="0" branch="true" condition-coverage="0% (0/4)">
							<conditions>
								<condition number="0" type="jump" coverage="0%"/>
								<condition number="1" type="jump" coverage="0%"/>
							</conditions>
						</line>
						<line number="177" hits="0" branch="false"/>
						<line number="178" hits="0" branch="false"/>
						<line number="180" hits="0" branch="false"/>
						<line number="181" hits="0" branch="false"/>
						<line number="189" hits="0" branch="false"/>
						<line number="199" hits="0" branch="true" condition-coverage="0% (0/4)">
							<conditions>
								<condition number="0" type="jump" coverage="0%"/>
								<condition number="1" type="jump" coverage="0%"/>
							</conditions>
						</line>
						<line number="200" hits="0" branch="false"/>
						<line number="201" hits="0" branch="false"/>
						<line number="203" hits="0" branch="false"/>
						<line number="204" hits="0" branch="false"/>
						<line number="216" hits="0" branch="false"/>
						<line number="217" hits="0" branch="false"/>
						<line number="218" hits="0" branch="false"/>
						<line number="226" hits="0" branch="false"/>
						<line number="235" hits="0" branch="true" condition-coverage="0% (0/2)">
							<conditions>
								<condition number="0" type="jump" coverage="0%"/>
							</conditions>
						</line>
						<line number="236" hits="0" branch="false"/>
						<line number="238" hits="0" branch="false"/>
						<line number="239" hits="0" branch="false"/>
						<line number="247" hits="0" branch="false"/>
						<line number="256" hits="0" branch="true" condition-coverage="0% (0/2)">
							<conditions>
								<condition number="0" type="jump" coverage="0%"/>
							</conditions>
						</line>
						<line number="257" hits="0" branch="false"/>
						<line number="259" hits="0" branch="false"/>
						<line number="260" hits="0" branch="false"/>
						<line number="268" hits="0" branch="false"/>
						<line number="279" hits="0" branch="true" condition-coverage="0% (0/2)">
							<conditions>
								<condition number="0" type="jump" coverage="0%"/>
							</conditions>
						</line>
						<line number="280" hits="0" branch="false"/>
						<line number="282" hits="0" branch="false"/>
						<line number="284" hits="0" branch="false"/>
						<line number="285" hits="0" branch="false"/>
						<line number="286" hits="0" branch="false"/>
						<line number="288" hits="0" branch="false"/>
						<line number="289" hits="0" branch="false"/>
						<line number="291" hits="0" branch="false"/>
						<line number="293" hits="0" branch="false"/>
						<line number="294" hits="0" branch="false"/>
						<line number="296" hits="0" branch="false"/>
						<line number="298" hits="0" branch="false"/>
						<line number="299" hits="0" branch="false"/>
						<line number="305" hits="0" branch="false"/>
						<line number="306" hits="0" branch="false"/>
						<line number="315" hits="0" branch="false"/>
						<line number="316" hits="0" branch="false"/>
						<line number="327" hits="0" branch="false"/>
						<line number="329" hits="0" branch="true" condition-coverage="0% (0/2)">
							<conditions>
								<condition number="0" type="jump" coverage="0%"/>
							</conditions>
						</line>
						<line number="330" hits="0" branch="false"/>
						<line number="333" hits="0" branch="true" condition-coverage="0% (0/2)">
							<conditions>
								<condition number="0" type="jump" coverage="0%"/>
							</conditions>
						</line>
						<line number="334" hits="0" branch="false"/>
						<line number="337" hits="0" branch="false"/>
						<line number="338" hits="0" branch="false"/>
						<line number="340" hits="0" branch="false"/>
						<line number="341" hits="0" branch="false"/>
						<line number="343" hits="0" branch="false"/>
						<line number="344" hits="0" branch="false"/>
						<line number="345" hits="0" branch="false"/>
						<line number="347" hits="0" branch="false"/>
						<line number="348" hits="0" branch="false"/>
						<line number="350" hits="0" branch="true" condition-coverage="0% (0/2)">
							<conditions>
								<condition number="0" type="jump" coverage="0%"/>
							</conditions>
						</line>
						<line number="351" hits="0" branch="false"/>
						<line number="353" hits="0" branch="false"/>
						<line number="354" hits="0" branch="false"/>
						<line number="358" hits="0" branch="false"/>
						<line number="359" hits="0" branch="false"/>
						<line number="363" hits="0" branch="true" condition-coverage="0% (0/2)">
							<conditions>
								<condition number="0" type="jump" coverage="0%"/>
							</conditions>
						</line>
						<line number="364" hits="0" branch="false"/>
						<line number="366" hits="0" branch="true" condition-coverage="0% (0/2)">
							<conditions>
								<condition number="0" type="jump" coverage="0%"/>
							</conditions>
						</line>
						<line number="367" hits="0" branch="true" condition-coverage="0% (0/2)">
							<conditions>
								<condition number="0" type="jump" coverage="0%"/>
							</conditions>
						</line>
						<line number="368" hits="0" branch="true" condition-coverage="0% (0/2)">
							<conditions>
								<condition number="0" type="jump" coverage="0%"/>
							</conditions>
						</line>
						<line number="369" hits="0" branch="true" condition-coverage="0% (0/4)">
							<conditions>
								<condition number="0" type="jump" coverage="0%"/>
								<condition number="1" type="jump" coverage="0%"/>
							</conditions>
						</line>
						<line number="370" hits="0" branch="false"/>
						<line number="377" hits="0" branch="false"/>
						<line number="378" hits="0" branch="false"/>
						<line number="380" hits="0" branch="false"/>
						<line number="381" hits="0" branch="false"/>
						<line number="382" hits="0" branch="false"/>
						<line number="386" hits="0" branch="false"/>
						<line number="387" hits="0" branch="false"/>
						<line number="391" hits="0" branch="false"/>
						<line number="392" hits="0" branch="false"/>
						<line number="393" hits="0" branch="false"/>
						<line number="396" hits="0" branch="true" condition-coverage="0% (0/2)">
							<conditions>
								<condition number="0" type="jump" coverage="0%"/>
							</conditions>
						</line>
						<line number="397" hits="0" branch="false"/>
						<line number="398" hits="0" branch="false"/>
						<line number="400" hits="0" branch="false"/>
						<line number="401" hits="0" branch="false"/>
						<line number="402" hits="0" branch="false"/>
						<line number="404" hits="0" branch="false"/>
						<line number="415" hits="0" branch="false"/>
						<line number="416" hits="0" branch="false"/>
						<line number="417" hits="0" branch="false"/>
						<line number="418" hits="0" branch="false"/>
						<line number="420" hits="0" branch="false"/>
						<line number="421" hits="0" branch="false"/>
						<line number="422" hits="0" branch="false"/>
						<line number="423" hits="0" branch="false"/>
						<line number="425" hits="0" branch="false"/>
						<line number="426" hits="0" branch="false"/>
						<line number="427" hits="0" branch="false"/>
						<line number="428" hits="0" branch="false"/>
						<line number="430" hits="0" branch="true" condition-coverage="0% (0/2)">
							<conditions>
								<condition number="0" type="jump" coverage="0%"/>
							</conditions>
						</line>
						<line number="431" hits="0" branch="true" condition-coverage="0% (0/2)">
							<conditions>
								<condition number="0" type="jump" coverage="0%"/>
							</conditions>
						</line>
						<line number="432" hits="0" branch="false"/>
						<line number="433" hits="0" branch="false"/>
						<line number="434" hits="0" branch="false"/>
						<line number="435" hits="0" branch="false"/>
						<line number="436" hits="0" branch="false"/>
						<line number="437" hits="0" branch="false"/>
						<line number="438" hits="0" branch="false"/>
						<line number="439" hits="0" branch="false"/>
						<line number="440" hits="0" branch="false"/>
						<line number="444" hits="0" branch="false"/>
						<line number="445" hits="0" branch="false"/>
						<line number="454" hits="0" branch="false"/>
						<line number="465" hits="0" branch="true" condition-coverage="0% (0/4)">
							<conditions>
								<condition number="0" type="jump" coverage="0%"/>
								<condition number="1" type="jump" coverage="0%"/>
							</conditions>
						</line>
						<line number="466" hits="0" branch="false"/>
						<line number="467" hits="0" branch="false"/>
						<line number="469" hits="0" branch="false"/>
						<line number="470" hits="0" branch="false"/>
						<line number="483" hits="0" branch="true" condition-coverage="0% (0/4)">
							<conditions>
								<condition number="0" type="jump" coverage="0%"/>
								<condition number="1" type="jump" coverage="0%"/>
							</conditions>
						</line>
						<line number="484" hits="0" branch="false"/>
						<line number="485" hits="0" branch="false"/>
						<line number="487" hits="0" branch="false"/>
						<line number="503" hits="0" branch="true" condition-coverage="0% (0/4)">
							<conditions>
								<condition number="0" type="jump" coverage="0%"/>
								<condition number="1" type="jump" coverage="0%"/>
							</conditions>
						</line>
						<line number="504" hits="0" branch="false"/>
						<line number="505" hits="0" branch="false"/>
						<line number="507" hits="0" branch="true" condition-coverage="0% (0/4)">
							<conditions>
								<condition number="0" type="jump" coverage="0%"/>
								<condition number="1" type="jump" coverage="0%"/>
							</conditions>
						</line>
						<line number="508" hits="0" branch="false"/>
						<line number="510" hits="0" branch="true" condition-coverage="0% (0/4)">
							<conditions>
								<condition number="0" type="jump" coverage="0%"/>
								<condition number="1" type="jump" coverage="0%"/>
							</conditions>
						</line>
						<line number="511" hits="0" branch="false"/>
						<line number="513" hits="0" branch="true" condition-coverage="0% (0/2)">
							<conditions>
								<condition number="0" type="jump" coverage="0%"/>
							</conditions>
						</line>
						<line number="514" hits="0" branch="false"/>
						<line number="516" hits="0" branch="true" condition-coverage="0% (0/2)">
							<conditions>
								<condition number="0" type="jump" coverage="0%"/>
							</conditions>
						</line>
						<line number="517" hits="0" branch="false"/>
						<line number="519" hits="0" branch="true" condition-coverage="0% (0/2)">
							<conditions>
								<condition number="0" type="jump" coverage="0%"/>
							</conditions>
						</line>
						<line number="520" hits="0" branch="false"/>
						<line number="521" hits="0" branch="false"/>
						<line number="523" hits="0" branch="true" condition-coverage="0% (0/2)">
							<conditions>
								<condition number="0" type="jump" coverage="0%"/>
							</conditions>
						</line>
						<line number="524" hits="0" branch="false"/>
						<line number="525" hits="0" branch="false"/>
						<line number="527" hits="0" branch="false"/>
						<line number="544" hits="0" branch="true" condition-coverage="0% (0/4)">
							<conditions>
								<condition number="0" type="jump" coverage="0%"/>
								<condition number="1" type="jump" coverage="0%"/>
							</conditions>
						</line>
						<line number="545" hits="0" branch="false"/>
						<line number="546" hits="0" branch="false"/>
						<line number="548" hits="0" branch="true" condition-coverage="0% (0/4)">
							<conditions>
								<condition number="0" type="jump" coverage="0%"/>
								<condition number="1" type="jump" coverage="0%"/>
							</conditions>
						</line>
						<line number="549" hits="0" branch="false"/>
						<line number="551" hits="0" branch="true" condition-coverage="0% (0/4)">
							<conditions>
								<condition number="0" type="jump" coverage="0%"/>
								<condition number="1" type="jump" coverage="0%"/>
							</conditions>
						</line>
						<line number="552" hits="0" branch="false"/>
						<line number="554" hits="0" branch="true" condition-coverage="0% (0/2)">
							<conditions>
								<condition number="0" type="jump" coverage="0%"/>
							</conditions>
						</line>
						<line number="555" hits="0" branch="false"/>
						<line number="557" hits="0" branch="true" condition-coverage="0% (0/2)">
							<conditions>
								<condition number="0" type="jump" coverage="0%"/>
							</conditions>
						</line>
						<line number="558" hits="0" branch="false"/>
						<line number="560" hits="0" branch="true" condition-coverage="0% (0/2)">
							<conditions>
								<condition number="0" type="jump" coverage="0%"/>
							</conditions>
						</line>
						<line number="561" hits="0" branch="false"/>
						<line number="562" hits="0" branch="false"/>
						<line number="564" hits="0" branch="true" condition-coverage="0% (0/2)">
							<conditions>
								<condition number="0" type="jump" coverage="0%"/>
							</conditions>
						</line>
						<line number="565" hits="0" branch="false"/>
						<line number="566" hits="0" branch="false"/>
						<line number="568" hits="0" branch="false"/>
						<line number="569" hits="0" branch="false"/>
						<line number="570" hits="0" branch="true" condition-coverage="0% (0/2)">
							<conditions>
								<condition number="0" type="jump" coverage="0%"/>
							</conditions>
						</line>
						<line number="571" hits="0" branch="true" condition-coverage="0% (0/2)">
							<conditions>
								<condition number="0" type="jump" coverage="0%"/>
							</conditions>
						</line>
						<line number="572" hits="0" branch="false"/>
						<line number="575" hits="0" branch="false"/>
						<line number="576" hits="0" branch="false"/>
						<line number="578" hits="0" branch="false"/>
						<line number="589" hits="0" branch="true" condition-coverage="0% (0/4)">
							<conditions>
								<condition number="0" type="jump" coverage="0%"/>
								<condition number="1" type="jump" coverage="0%"/>
							</conditions>
						</line>
						<line number="590" hits="0" branch="false"/>
						<line number="591" hits="0" branch="false"/>
						<line number="593" hits="0" branch="false"/>
						<line number="606" hits="0" branch="true" condition-coverage="0% (0/4)">
							<conditions>
								<condition number="0" type="jump" coverage="0%"/>
								<condition number="1" type="jump" coverage="0%"/>
							</conditions>
						</line>
						<line number="607" hits="0" branch="false"/>
						<line number="608" hits="0" branch="false"/>
						<line number="610" hits="0" branch="false"/>
						<line number="624" hits="0" branch="true" condition-coverage="0% (0/4)">
							<conditions>
								<condition number="0" type="jump" coverage="0%"/>
								<condition number="1" type="jump" coverage="0%"/>
							</conditions>
						</line>
						<line number="625" hits="0" branch="false"/>
						<line number="626" hits="0" branch="false"/>
						<line number="628" hits="0" branch="false"/>
						<line number="641" hits="0" branch="true" condition-coverage="0% (0/4)">
							<conditions>
								<condition number="0" type="jump" coverage="0%"/>
								<condition number="1" type="jump" coverage="0%"/>
							</conditions>
						</line>
						<line number="642" hits="0" branch="false"/>
						<line number="643" hits="0" branch="false"/>
						<line number="645" hits="0" branch="true" condition-coverage="0% (0/4)">
							<conditions>
								<condition number="0" type="jump" coverage="0%"/>
								<condition number="1" type="jump" coverage="0%"/>
							</conditions>
						</line>
						<line number="646" hits="0" branch="false"/>
						<line number="648" hits="0" branch="true" condition-coverage="0% (0/4)">
							<conditions>
								<condition number="0" type="jump" coverage="0%"/>
								<condition number="1" type="jump" coverage="0%"/>
							</conditions>
						</line>
						<line number="649" hits="0" branch="false"/>
						<line number="651" hits="0" branch="false"/>
						<line number="666" hits="0" branch="true" condition-coverage="0% (0/4)">
							<conditions>
								<condition number="0" type="jump" coverage="0%"/>
								<condition number="1" type="jump" coverage="0%"/>
							</conditions>
						</line>
						<line number="667" hits="0" branch="false"/>
						<line number="668" hits="0" branch="false"/>
						<line number="670" hits="0" branch="true" condition-coverage="0% (0/4)">
							<conditions>
								<condition number="0" type="jump" coverage="0%"/>
								<condition number="1" type="jump" coverage="0%"/>
							</conditions>
						</line>
						<line number="671" hits="0" branch="false"/>
						<line number="673" hits="0" branch="true" condition-coverage="0% (0/4)">
							<conditions>
								<condition number="0" type="jump" coverage="0%"/>
								<condition number="1" type="jump" coverage="0%"/>
							</conditions>
						</line>
						<line number="674" hits="0" branch="false"/>
						<line number="676" hits="0" branch="false"/>
						<line number="692" hits="0" branch="true" condition-coverage="0% (0/4)">
							<conditions>
								<condition number="0" type="jump" coverage="0%"/>
								<condition number="1" type="jump" coverage="0%"/>
							</conditions>
						</line>
						<line number="693" hits="0" branch="false"/>
						<line number="694" hits="0" branch="false"/>
						<line number="696" hits="0" branch="true" condition-coverage="0% (0/4)">
							<conditions>
								<condition number="0" type="jump" coverage="0%"/>
								<condition number="1" type="jump" coverage="0%"/>
							</conditions>
						</line>
						<line number="697" hits="0" branch="false"/>
						<line number="699" hits="0" branch="true" condition-coverage="0% (0/4)">
							<conditions>
								<condition number="0" type="jump" coverage="0%"/>
								<condition number="1" type="jump" coverage="0%"/>
							</conditions>
						</line>
						<line number="700" hits="0" branch="false"/>
						<line number="702" hits="0" branch="true" condition-coverage="0% (0/2)">
							<conditions>
								<condition number="0" type="jump" coverage="0%"/>
							</conditions>
						</line>
						<line number="703" hits="0" branch="false"/>
						<line number="704" hits="0" branch="true" condition-coverage="0% (0/2)">
							<conditions>
								<condition number="0" type="jump" coverage="0%"/>
							</conditions>
						</line>
						<line number="705" hits="0" branch="false"/>
						<line number="707" hits="0" branch="false"/>
						<line number="708" hits="0" branch="false"/>
						<line number="709" hits="0" branch="false"/>
						<line number="710" hits="0" branch="false"/>
						<line number="711" hits="0" branch="false"/>
						<line number="712" hits="0" branch="false"/>
						<line number="722" hits="0" branch="true" condition-coverage="0% (0/2)">
							<conditions>
								<condition number="0" type="jump" coverage="0%"/>
							</conditions>
						</line>
						<line number="723" hits="0" branch="false"/>
						<line number="725" hits="0" branch="true" condition-coverage="0% (0/2)">
							<conditions>
								<condition number="0" type="jump" coverage="0%"/>
							</conditions>
						</line>
						<line number="726" hits="0" branch="false"/>
						<line number="727" hits="0" branch="false"/>
						<line number="729" hits="0" branch="false"/>
						<line number="741" hits="0" branch="true" condition-coverage="0% (0/2)">
							<conditions>
								<condition number="0" type="jump" coverage="0%"/>
							</conditions>
						</line>
						<line number="742" hits="0" branch="false"/>
						<line number="744" hits="0" branch="true" condition-coverage="0% (0/2)">
							<conditions>
								<condition number="0" type="jump" coverage="0%"/>
							</conditions>
						</line>
						<line number="745" hits="0" branch="false"/>
						<line number="746" hits="0" branch="false"/>
						<line number="748" hits="0" branch="false"/>
						<line number="762" hits="0" branch="true" condition-coverage="0% (0/2)">
							<conditions>
								<condition number="0" type="jump" coverage="0%"/>
							</conditions>
						</line>
						<line number="763" hits="0" branch="false"/>
						<line number="765" hits="0" branch="true" condition-coverage="0% (0/2)">
							<conditions>
								<condition number="0" type="jump" coverage="0%"/>
							</conditions>
						</line>
						<line number="766" hits="0" branch="false"/>
						<line number="767" hits="0" branch="false"/>
						<line number="769" hits="0" branch="false"/>
						<line number="781" hits="0" branch="true" condition-coverage="0% (0/2)">
							<conditions>
								<condition number="0" type="jump" coverage="0%"/>
							</conditions>
						</line>
						<line number="782" hits="0" branch="false"/>
						<line number="784" hits="0" branch="true" condition-coverage="0% (0/2)">
							<conditions>
								<condition number="0" type="jump" coverage="0%"/>
							</conditions>
						</line>
						<line number="785" hits="0" branch="false"/>
						<line number="786" hits="0" branch="false"/>
						<line number="788" hits="0" branch="true" condition-coverage="0% (0/4)">
							<conditions>
								<condition number="0" type="jump" coverage="0%"/>
								<condition number="1" type="jump" coverage="0%"/>
							</conditions>
						</line>
						<line number="789" hits="0" branch="false"/>
						<line number="791" hits="0" branch="true" condition-coverage="0% (0/4)">
							<conditions>
								<condition number="0" type="jump" coverage="0%"/>
								<condition number="1" type="jump" coverage="0%"/>
							</conditions>
						</line>
						<line number="792" hits="0" branch="false"/>
						<line number="794" hits="0" branch="false"/>
						<line number="808" hits="0" branch="true" condition-coverage="0% (0/2)">
							<conditions>
								<condition number="0" type="jump" coverage="0%"/>
							</conditions>
						</line>
						<line number="809" hits="0" branch="false"/>
						<line number="811" hits="0" branch="true" condition-coverage="0% (0/2)">
							<conditions>
								<condition number="0" type="jump" coverage="0%"/>
							</conditions>
						</line>
						<line number="812" hits="0" branch="false"/>
						<line number="813" hits="0" branch="false"/>
						<line number="815" hits="0" branch="true" condition-coverage="0% (0/4)">
							<conditions>
								<condition number="0" type="jump" coverage="0%"/>
								<condition number="1" type="jump" coverage="0%"/>
							</conditions>
						</line>
						<line number="816" hits="0" branch="false"/>
						<line number="818" hits="0" branch="true" condition-coverage="0% (0/4)">
							<conditions>
								<condition number="0" type="jump" coverage="0%"/>
								<condition number="1" type="jump" coverage="0%"/>
							</conditions>
						</line>
						<line number="819" hits="0" branch="false"/>
						<line number="821" hits="0" branch="false"/>
						<line number="837" hits="0" branch="true" condition-coverage="0% (0/2)">
							<conditions>
								<condition number="0" type="jump" coverage="0%"/>
							</conditions>
						</line>
						<line number="838" hits="0" branch="false"/>
						<line number="840" hits="0" branch="true" condition-coverage="0% (0/2)">
							<conditions>
								<condition number="0" type="jump" coverage="0%"/>
							</conditions>
						</line>
						<line number="841" hits="0" branch="false"/>
						<line number="842" hits="0" branch="false"/>
						<line number="844" hits="0" branch="true" condition-coverage="0% (0/4)">
							<conditions>
								<condition number="0" type="jump" coverage="0%"/>
								<condition number="1" type="jump" coverage="0%"/>
							</conditions>
						</line>
						<line number="845" hits="0" branch="false"/>
						<line number="847" hits="0" branch="true" condition-coverage="0% (0/4)">
							<conditions>
								<condition number="0" type="jump" coverage="0%"/>
								<condition number="1" type="jump" coverage="0%"/>
							</conditions>
						</line>
						<line number="848" hits="0" branch="false"/>
						<line number="850" hits="0" branch="true" condition-coverage="0% (0/2)">
							<conditions>
								<condition number="0" type="jump" coverage="0%"/>
							</conditions>
						</line>
						<line number="851" hits="0" branch="false"/>
						<line number="853" hits="0" branch="true" condition-coverage="0% (0/2)">
							<conditions>
								<condition number="0" type="jump" coverage="0%"/>
							</conditions>
						</line>
						<line number="854" hits="0" branch="false"/>
						<line number="856" hits="0" branch="true" condition-coverage="0% (0/2)">
							<conditions>
								<condition number="0" type="jump" coverage="0%"/>
							</conditions>
						</line>
						<line number="857" hits="0" branch="false"/>
						<line number="859" hits="0" branch="false"/>
						<line number="871" hits="0" branch="true" condition-coverage="0% (0/2)">
							<conditions>
								<condition number="0" type="jump" coverage="0%"/>
							</conditions>
						</line>
						<line number="872" hits="0" branch="false"/>
						<line number="874" hits="0" branch="true" condition-coverage="0% (0/2)">
							<conditions>
								<condition number="0" type="jump" coverage="0%"/>
							</conditions>
						</line>
						<line number="875" hits="0" branch="false"/>
						<line number="876" hits="0" branch="false"/>
						<line number="878" hits="0" branch="false"/>
						<line number="880" hits="0" branch="true" condition-coverage="0% (0/4)">
							<conditions>
								<condition number="0" type="jump" coverage="0%"/>
								<condition number="1" type="jump" coverage="0%"/>
							</conditions>
						</line>
						<line number="881" hits="0" branch="false"/>
						<line number="883" hits="0" branch="false"/>
						<line number="897" hits="0" branch="true" condition-coverage="0% (0/2)">
							<conditions>
								<condition number="0" type="jump" coverage="0%"/>
							</conditions>
						</line>
						<line number="898" hits="0" branch="false"/>
						<line number="900" hits="0" branch="true" condition-coverage="0% (0/2)">
							<conditions>
								<condition number="0" type="jump" coverage="0%"/>
							</conditions>
						</line>
						<line number="901" hits="0" branch="false"/>
						<line number="902" hits="0" branch="false"/>
						<line number="904" hits="0" branch="false"/>
						<line number="906" hits="0" branch="true" condition-coverage="0% (0/4)">
							<conditions>
								<condition number="0" type="jump" coverage="0%"/>
								<condition number="1" type="jump" coverage="0%"/>
							</conditions>
						</line>
						<line number="907" hits="0" branch="false"/>
						<line number="909" hits="0" branch="false"/>
						<line number="924" hits="0" branch="true" condition-coverage="0% (0/2)">
							<conditions>
								<condition number="0" type="jump" coverage="0%"/>
							</conditions>
						</line>
						<line number="925" hits="0" branch="false"/>
						<line number="927" hits="0" branch="true" condition-coverage="0% (0/2)">
							<conditions>
								<condition number="0" type="jump" coverage="0%"/>
							</conditions>
						</line>
						<line number="928" hits="0" branch="false"/>
						<line number="929" hits="0" branch="false"/>
						<line number="931" hits="0" branch="false"/>
						<line number="933" hits="0" branch="true" condition-coverage="0% (0/4)">
							<conditions>
								<condition number="0" type="jump" coverage="0%"/>
								<condition number="1" type="jump" coverage="0%"/>
							</conditions>
						</line>
						<line number="934" hits="0" branch="false"/>
						<line number="936" hits="0" branch="true" condition-coverage="0% (0/2)">
							<conditions>
								<condition number="0" type="jump" coverage="0%"/>
							</conditions>
						</line>
						<line number="937" hits="0" branch="false"/>
						<line number="939" hits="0" branch="true" condition-coverage="0% (0/2)">
							<conditions>
								<condition number="0" type="jump" coverage="0%"/>
							</conditions>
						</line>
						<line number="940" hits="0" branch="false"/>
						<line number="942" hits="0" branch="true" condition-coverage="0% (0/2)">
							<conditions>
								<condition number="0" type="jump" coverage="0%"/>
							</conditions>
						</line>
						<line number="943" hits="0" branch="false"/>
						<line number="945" hits="0" branch="false"/>
						<line number="949" hits="0" branch="false"/>
						<line number="950" hits="0" branch="false"/>
						<line number="953" hits="0" branch="false"/>
						<line number="955" hits="0" branch="true" condition-coverage="0% (0/2)">
							<conditions>
								<condition number="0" type="jump" coverage="0%"/>
							</conditions>
						</line>
						<line number="956" hits="0" branch="true" condition-coverage="0% (0/2)">
							<conditions>
								<condition number="0" type="jump" coverage="0%"/>
							</conditions>
						</line>
						<line number="957" hits="0" branch="false"/>
						<line number="958" hits="0" branch="false"/>
						<line number="960" hits="0" branch="true" condition-coverage="0% (0/8)">
							<conditions>
								<condition number="0" type="jump" coverage="0%"/>
								<condition number="1" type="jump" coverage="0%"/>
								<condition number="2" type="jump" coverage="0%"/>
								<condition number="3" type="jump" coverage="0%"/>
							</conditions>
						</line>
						<line number="961" hits="0" branch="false"/>
						<line number="963" hits="0" branch="false"/>
						<line number="964" hits="0" branch="false"/>
						<line number="965" hits="0" branch="false"/>
						<line number="967" hits="0" branch="false"/>
						<line number="969" hits="0" branch="false"/>
						<line number="970" hits="0" branch="false"/>
						<line number="971" hits="0" branch="false"/>
						<line number="973" hits="0" branch="false"/>
					</lines>
				</class>
				<class name="asciiPanel.TileTransformer" filename="asciiPanel/TileTransformer.java" line-rate="1.0" branch-rate="1.0" complexity="1.0">
					<methods>
					</methods>
					<lines>
					</lines>
				</class>
			</classes>
		</package>
		<package name="maze" line-rate="0.8035714285714286" branch-rate="0.8709677419354839" complexity="3.25">
			<classes>
				<class name="maze.MazeGenerator" filename="maze/MazeGenerator.java" line-rate="0.7884615384615384" branch-rate="0.8709677419354839" complexity="3.4545454545454546">
					<methods>
						<method name="&lt;init&gt;" signature="(I)V" line-rate="1.0" branch-rate="1.0">
							<lines>
								<line number="10" hits="7" branch="false"/>
								<line number="11" hits="7" branch="false"/>
								<line number="16" hits="7" branch="false"/>
								<line number="17" hits="7" branch="false"/>
								<line number="18" hits="7" branch="false"/>
								<line number="19" hits="7" branch="false"/>
								<line number="20" hits="7" branch="false"/>
							</lines>
						</method>
						<method name="findNeighbors" signature="(Lmaze/Node;)Ljava/util/ArrayList;" line-rate="1.0" branch-rate="1.0">
							<lines>
								<line number="89" hits="8321" branch="false"/>
								<line number="90" hits="33284" branch="true" condition-coverage="100% (2/2)">
									<conditions>
										<condition number="0" type="jump" coverage="100%"/>
									</conditions>
								</line>
								<line number="91" hits="99852" branch="true" condition-coverage="100% (2/2)">
									<conditions>
										<condition number="0" type="jump" coverage="100%"/>
[...]
								</line>
								<line number="104" hits="75" branch="false"/>
								<line number="107" hits="187" branch="false"/>
							</lines>
						</method>
						<method name="dig" signature="(II)V" line-rate="1.0" branch-rate="1.0">
							<lines>
								<line number="70" hits="2" branch="true" condition-coverage="100% (2/2)">
									<conditions>
										<condition number="0" type="jump" coverage="100%"/>
									</conditions>
								</line>
								<line number="71" hits="1" branch="false"/>
								<line number="73" hits="2" branch="false"/>
							</lines>
						</method>
						<method name="getCreatures" signature="()Ljava/util/List;" line-rate="1.0" branch-rate="1.0">
							<lines>
								<line number="111" hits="135" branch="false"/>
							</lines>
						</method>
						<method name="glyph" signature="(II)C" line-rate="0.0" branch-rate="1.0">
							<lines>
								<line number="54" hits="0" branch="false"/>
							</lines>
						</method>
						<method name="height" signature="()I" line-rate="1.0" branch-rate="1.0">
							<lines>
								<line number="66" hits="2" branch="false"/>
							</lines>
						</method>
						<method name="remove" signature="(Lworld/Creature;)V" line-rate="1.0" branch-rate="1.0">
							<lines>
								<line number="115" hits="36" branch="false"/>
								<line number="116" hits="36" branch="false"/>
							</lines>
						</method>
						<method name="tile" signature="(II)Lworld/Tile;" line-rate="1.0" branch-rate="0.625">
							<lines>
								<line number="46" hits="1007" branch="true" condition-coverage="62% (5/8)">
									<conditions>
										<condition number="0" type="jump" coverage="100%"/>
										<condition number="1" type="jump" coverage="50%"/>
										<condition number="2" type="jump" coverage="50%"/>
										<condition number="3" type="jump" coverage="50%"/>
									</conditions>
								</line>
								<line number="47" hits="3" branch="false"/>
								<line number="49" hits="1004" branch="false"/>
							</lines>
						</method>
						<method name="update" signature="()V" line-rate="0.0" branch-rate="0.0">
							<lines>
								<line number="119" hits="0" branch="false"/>
								<line number="121" hits="0" branch="true" condition-coverage="0% (0/2)">
									<conditions>
										<condition number="0" type="jump" coverage="0%"/>
									</conditions>
								</line>
								<line number="122" hits="0" branch="false"/>
								<line number="124" hits="0" branch="false"/>
							</lines>
						</method>
						<method name="width" signature="()I" line-rate="1.0" branch-rate="1.0">
							<lines>
								<line number="62" hits="2" branch="false"/>
							</lines>
						</method>
					</methods>
					<lines>
						<line number="38" hits="43" branch="false"/>
						<line number="39" hits="43" branch="false"/>
						<line number="40" hits="43" branch="false"/>
						<line number="41" hits="43" branch="false"/>
						<line number="42" hits="43" branch="false"/>
						<line number="43" hits="43" branch="false"/>
						<line number="46" hits="1007" branch="true" condition-coverage="62% (5/8)">
							<conditions>
								<condition number="0" type="jump" coverage="100%"/>
								<condition number="1" type="jump" coverage="50%"/>
								<condition number="2" type="jump" coverage="50%"/>
								<condition number="3" type="jump" coverage="50%"/>
							</conditions>
						</line>
						<line number="47" hits="3" branch="false"/>
						<line number="49" hits="1004" branch="false"/>
						<line number="54" hits="0" branch="false"/>
						<line number="58" hits="0" branch="false"/>
						<line number="62" hits="2" branch="false"/>
						<line number="66" hits="2" branch="false"/>
						<line number="70" hits="2" branch="true" condition-coverage="100% (2/2)">
							<conditions>
								<condition number="0" type="jump" coverage="100%"/>
							</conditions>
						</line>
						<line number="71" hits="1" branch="false"/>
						<line number="73" hits="2" branch="false"/>
						<line number="80" hits="34" branch="false"/>
						<line number="81" hits="34" branch="false"/>
						<line number="82" hits="34" branch="true" condition-coverage="100% (4/4)">
							<conditions>
								<condition number="0" type="jump" coverage="100%"/>
								<condition number="1" type="jump" coverage="100%"/>
							</conditions>
						</line>
						<line number="84" hits="17" branch="false"/>
						<line number="85" hits="17" branch="false"/>
						<line number="87" hits="17" branch="false"/>
						<line number="88" hits="17" branch="false"/>
						<line number="91" hits="863" branch="false"/>
						<line number="92" hits="863" branch="false"/>
						<line number="96" hits="863" branch="true" condition-coverage="50% (1/2)">
							<conditions>
								<condition number="0" type="jump" coverage="50%"/>
							</conditions>
						</line>
						<line number="97" hits="863" branch="false"/>
						<line number="99" hits="863" branch="false"/>
						<line number="102" hits="75075" branch="true" condition-coverage="100% (2/2)">
							<conditions>
								<condition number="0" type="jump" coverage="100%"/>
							</conditions>
						</line>
						<line number="103" hits="74593" branch="true" condition-coverage="100% (4/4)">
							<conditions>
								<condition number="0" type="jump" coverage="100%"/>
								<condition number="1" type="jump" coverage="100%"/>
							</conditions>
						</line>
						<line number="104" hits="75" branch="false"/>
						<line number="107" hits="187" branch="false"/>
						<line number="111" hits="135" branch="false"/>
						<line number="115" hits="36" branch="false"/>
						<line number="116" hits="36" branch="false"/>
						<line number="119" hits="0" branch="false"/>
						<line number="121" hits="0" branch="true" condition-coverage="0% (0/2)">
							<conditions>
								<condition number="0" type="jump" coverage="0%"/>
							</conditions>
						</line>
						<line number="122" hits="0" branch="false"/>
						<line number="124" hits="0" branch="false"/>
					</lines>
				</class>
				<class name="world.WorldBuilder" filename="world/WorldBuilder.java" line-rate="0.42105263157894735" branch-rate="0.43636363636363634" complexity="4.5">
					<methods>
						<method name="&lt;init&gt;" signature="(II)V" line-rate="1.0" branch-rate="1.0">
							<lines>
								<line number="34" hits="43" branch="false"/>
								<line number="35" hits="43" branch="false"/>
								<line number="36" hits="43" branch="false"/>
								<line number="37" hits="43" branch="false"/>
								<line number="38" hits="43" branch="false"/>
							</lines>
						</method>
						<method name="build" signature="()Lworld/World;" line-rate="1.0" branch-rate="1.0">
							<lines>
								<line number="41" hits="43" branch="false"/>
							</lines>
						</method>
						<method name="buildMaze" signature="()Lworld/WorldBuilder;" line-rate="1.0" branch-rate="1.0">
							<lines>
								<line number="45" hits="7" branch="false"/>
								<line number="46" hits="7" branch="false"/>
								<line number="47" hits="7" branch="false"/>
								<line number="48" hits="357" branch="true" condition-coverage="100% (2/2)">
									<conditions>
										<condition number="0" type="jump" coverage="100%"/>
									</conditions>
								</line>
								<line number="49" hits="17850" branch="true" condition-coverage="100% (2/2)">
									<conditions>
										<condition number="0" type="jump" coverage="100%"/>
									</conditions>
								</line>
								<line number="58" hits="17500" branch="true" condition-coverage="100% (8/8)">
									<conditions>
										<condition number="0" type="jump" coverage="100%"/>
										<condition number="1" type="jump" coverage="100%"/>
										<condition number="2" type="jump" coverage="100%"/>
										<condition number="3" type="jump" coverage="100%"/>
									</conditions>
								</line>
								<line number="59" hits="1372" branch="false"/>
								<line number="60" hits="1372" branch="false"/>
								<line number="62" hits="16128" branch="false"/>
								<line number="66" hits="7" branch="false"/>
							</lines>
						</method>
						<method name="buildWall" signature="()Lworld/WorldBuilder;" line-rate="1.0" branch-rate="1.0">
							<lines>
								<line number="70" hits="1836" branch="true" condition-coverage="100% (2/2)">
									<conditions>
										<condition number="0" type="jump" coverage="100%"/>
									</conditions>
								</line>
								<line number="71" hits="91800" branch="true" condition-coverage="100% (2/2)">
									<conditions>
										<condition number="0" type="jump" coverage="100%"/>
									</conditions>
								</line>
								<line number="72" hits="90000" branch="true" condition-coverage="100% (8/8)">
									<conditions>
										<condition number="0" type="jump" coverage="100%"/>
										<condition number="1" type="jump" coverage="100%"/>
										<condition number="2" type="jump" coverage="100%"/>
										<condition number="3" type="jump" coverage="100%"/>
									</conditions>
								</line>
								<line number="73" hits="7056" branch="false"/>
								<line number="74" hits="7056" branch="false"/>
								<line number="76" hits="82944" branch="false"/>
								<line number="80" hits="36" branch="false"/>
							</lines>
						</method>
						<method name="getMaze" signature="()[[I" line-rate="1.0" branch-rate="1.0">
							<lines>
								<line number="84" hits="1" branch="false"/>
							</lines>
						</method>
						<method name="makeCaves" signature="()Lworld/WorldBuilder;" line-rate="0.0" branch-rate="1.0">
							<lines>
								<line number="143" hits="0" branch="false"/>
							</lines>
						</method>
						<method name="randomizeTiles" signature="()Lworld/WorldBuilder;" line-rate="0.0" branch-rate="0.0">
							<lines>
								<line number="88" hits="0" branch="true" condition-coverage="0% (0/2)">
									<conditions>
										<condition number="0" type="jump" coverage="0%"/>
									</conditions>
								</line>
								<line number="89" hits="0" branch="true" condition-coverage="0% (0/2)">
									<conditions>
										<condition number="0" type="jump" coverage="0%"/>
									</conditions>
								</line>
								<line number="90" hits="0" branch="false"/>
								<line number="91" hits="0" branch="true" condition-coverage="0% (0/3)">
									<conditions>
										<condition number="0" type="switch" coverage="0%"/>
									</conditions>
								</line>
								<line number="93" hits="0" branch="false"/>
								<line number="94" hits="0" branch="false"/>
								<line number="96" hits="0" branch="false"/>
								<line number="101" hits="0" branch="false"/>
								<line number="102" hits="0" branch="false"/>
							</lines>
						</method>
						<method name="smooth" signature="(I)Lworld/WorldBuilder;" line-rate="0.0" branch-rate="0.0">
							<lines>
								<line number="106" hits="0" branch="false"/>
								<line number="107" hits="0" branch="true" condition-coverage="0% (0/2)">
									<conditions>
										<condition number="0" type="jump" coverage="0%"/>
									</conditions>
								</line>
								<line number="108" hits="0" branch="false"/>
								<line number="110" hits="0" branch="true" condition-coverage="0% (0/2)">
									<conditions>
										<condition number="0" type="jump" coverage="0%"/>
									</conditions>
								</line>
								<line number="111" hits="0" branch="true" condition-coverage="0% (0/2)">
									<conditions>
										<condition number="0" type="jump" coverage="0%"/>
									</conditions>
								</line>
								<line number="113" hits="0" branch="false"/>
								<line number="114" hits="0" branch="false"/>
								<line number="117" hits="0" branch="true" condition-coverage="0% (0/2)">
									<conditions>
										<condition number="0" type="jump" coverage="0%"/>
									</conditions>
								</line>
								<line number="118" hits="0" branch="true" condition-coverage="0% (0/2)">
									<conditions>
										<condition number="0" type="jump" coverage="0%"/>
									</conditions>
								</line>
								<line number="119" hits="0" branch="true" condition-coverage="0% (0/6)">
									<conditions>
										<condition number="0" type="jump" coverage="0%"/>
										<condition number="1" type="jump" coverage="0%"/>
										<condition number="2" type="jump" coverage="0%"/>
									</conditions>
								</line>
								<line number="120" hits="0" branch="true" condition-coverage="0% (0/2)">
									<conditions>
										<condition number="0" type="jump" coverage="0%"/>
									</conditions>
								</line>
								<line number="121" hits="0" branch="false"/>
								<line number="122" hits="0" branch="true" condition-coverage="0% (0/2)">
									<conditions>
										<condition number="0" type="jump" coverage="0%"/>
									</conditions>
								</line>
								<line number="123" hits="0" branch="false"/>
								<line number="124" hits="0" branch="true" condition-coverage="0% (0/2)">
									<conditions>
										<condition number="0" type="jump" coverage="0%"/>
									</conditions>
								</line>
								<line number="125" hits="0" branch="false"/>
								<line number="130" hits="0" branch="true" condition-coverage="0% (0/2)">
									<conditions>
										<condition number="0" type="jump" coverage="0%"/>
									</conditions>
								</line>
								<line number="131" hits="0" branch="false"/>
								<line number="132" hits="0" branch="false"/>
								<line number="133" hits="0" branch="false"/>
								<line number="135" hits="0" branch="false"/>
								<line number="138" hits="0" branch="false"/>
								<line number="139" hits="0" branch="false"/>
							</lines>
						</method>
					</methods>
					<lines>
						<line number="34" hits="43" branch="false"/>
						<line number="35" hits="43" branch="false"/>
						<line number="36" hits="43" branch="false"/>
						<line number="37" hits="43" branch="false"/>
						<line number="38" hits="43" branch="false"/>
						<line number="41" hits="43" branch="false"/>
						<line number="45" hits="7" branch="false"/>
						<line number="46" hits="7" branch="false"/>
						<line number="47" hits="7" branch="false"/>
						<line number="48" hits="357" branch="true" condition-coverage="100% (2/2)">
							<conditions>
								<condition number="0" type="jump" coverage="100%"/>
							</conditions>
						</line>
						<line number="49" hits="17850" branch="true" condition-coverage="100% (2/2)">
							<conditions>
								<condition number="0" type="jump" coverage="100%"/>
							</conditions>
						</line>
						<line number="58" hits="17500" branch="true" condition-coverage="100% (8/8)">
							<conditions>
								<condition number="0" type="jump" coverage="100%"/>
								<condition number="1" type="jump" coverage="100%"/>
								<condition number="2" type="jump" coverage="100%"/>
								<condition number="3" type="jump" coverage="100%"/>
							</conditions>
						</line>
						<line number="59" hits="1372" branch="false"/>
						<line number="60" hits="1372" branch="false"/>
						<line number="62" hits="16128" branch="false"/>
						<line number="66" hits="7" branch="false"/>
						<line number="70" hits="1836" branch="true" condition-coverage="100% (2/2)">
							<conditions>
								<condition number="0" type="jump" coverage="100%"/>
							</conditions>
						</line>
						<line number="71" hits="91800" branch="true" condition-coverage="100% (2/2)">
							<conditions>
								<condition number="0" type="jump" coverage="100%"/>
							</conditions>
						</line>
						<line number="72" hits="90000" branch="true" condition-coverage="100% (8/8)">
							<conditions>
								<condition number="0" type="jump" coverage="100%"/>
								<condition number="1" type="jump" coverage="100%"/>
								<condition number="2" type="jump" coverage="100%"/>
								<condition number="3" type="jump" coverage="100%"/>
							</conditions>
						</line>
						<line number="73" hits="7056" branch="false"/>
						<line number="74" hits="7056" branch="false"/>
						<line number="76" hits="82944" branch="false"/>
						<line number="80" hits="36" branch="false"/>
						<line number="84" hits="1" branch="false"/>
						<line number="88" hits="0" branch="true" condition-coverage="0% (0/2)">
							<conditions>
								<condition number="0" type="jump" coverage="0%"/>
							</conditions>
						</line>
						<line number="89" hits="0" branch="true" condition-coverage="0% (0/2)">
							<conditions>
								<condition number="0" type="jump" coverage="0%"/>
							</conditions>
						</line>
						<line number="90" hits="0" branch="false"/>
						<line number="91" hits="0" branch="true" condition-coverage="0% (0/3)">
							<conditions>
								<condition number="0" type="switch" coverage="0%"/>
							</conditions>
						</line>
						<line number="93" hits="0" branch="false"/>
						<line number="94" hits="0" branch="false"/>
						<line number="96" hits="0" branch="false"/>
						<line number="101" hits="0" branch="false"/>
						<line number="102" hits="0" branch="false"/>
						<line number="106" hits="0" branch="false"/>
						<line number="107" hits="0" branch="true" condition-coverage="0% (0/2)">
							<conditions>
								<condition number="0" type="jump" coverage="0%"/>
							</conditions>
						</line>
						<line number="108" hits="0" branch="false"/>
						<line number="110" hits="0" branch="true" condition-coverage="0% (0/2)">
							<conditions>
								<condition number="0" type="jump" coverage="0%"/>
							</conditions>
						</line>
						<line number="111" hits="0" branch="true" condition-coverage="0% (0/2)">
							<conditions>
								<condition number="0" type="jump" coverage="0%"/>
							</conditions>
						</line>
						<line number="113" hits="0" branch="false"/>
						<line number="114" hits="0" branch="false"/>
						<line number="117" hits="0" branch="true" condition-coverage="0% (0/2)">
							<conditions>
								<condition number="0" type="jump" coverage="0%"/>
							</conditions>
						</line>
						<line number="118" hits="0" branch="true" condition-coverage="0% (0/2)">
							<conditions>
								<condition number="0" type="jump" coverage="0%"/>
							</conditions>
						</line>
						<line number="119" hits="0" branch="true" condition-coverage="0% (0/6)">
							<conditions>
								<condition number="0" type="jump" coverage="0%"/>
								<condition number="1" type="jump" coverage="0%"/>
								<condition number="2" type="jump" coverage="0%"/>
							</conditions>
						</line>
						<line number="120" hits="0" branch="true" condition-coverage="0% (0/2)">
							<conditions>
								<condition number="0" type="jump" coverage="0%"/>
							</conditions>
						</line>
						<line number="121" hits="0" branch="false"/>
						<line number="122" hits="0" branch="true" condition-coverage="0% (0/2)">
							<conditions>
								<condition number="0" type="jump" coverage="0%"/>
							</conditions>
						</line>
						<line number="123" hits="0" branch="false"/>
						<line number="124" hits="0" branch="true" condition-coverage="0% (0/2)">
							<conditions>
								<condition number="0" type="jump" coverage="0%"/>
							</conditions>
						</line>
						<line number="125" hits="0" branch="false"/>
						<line number="130" hits="0" branch="true" condition-coverage="0% (0/2)">
							<conditions>
								<condition number="0" type="jump" coverage="0%"/>
							</conditions>
						</line>
						<line number="131" hits="0" branch="false"/>
						<line number="132" hits="0" branch="false"/>
						<line number="133" hits="0" branch="false"/>
						<line number="135" hits="0" branch="false"/>
						<line number="138" hits="0" branch="false"/>
						<line number="139" hits="0" branch="false"/>
						<line number="143" hits="0" branch="false"/>
					</lines>
				</class>
			</classes>
		</package>
	</packages>
</coverage>
