<?xml version="1.0" encoding="UTF-8"?>
<testsuite xmlns:xsi="http://www.w3.org/2001/XMLSchema-instance" xsi:noNamespaceSchemaLocation="https://maven.apache.org/surefire/maven-surefire-plugin/xsd/surefire-test-report.xsd" name="world.BulletTest" time="0" tests="4" errors="0" skipped="0" failures="0">
  <properties>
[...]
</properties>
  <testcase name="testDir" classname="world.BulletTest" time="0"/>
  <testcase name="testPos" classname="world.BulletTest" time="0"/>
  <testcase name="testColor" classname="world.BulletTest" time="0"/>
  <testcase name="testAttack" classname="world.BulletTest" time="0"/>
</testsuite>